<?xml version="1.0" encoding="UTF-8"?>
<testsuite name="com.tothenew.ecommerceapp.EcommerceAppApplicationTests" tests="1" skipped="0" failures="0" errors="0" timestamp="2020-04-19T22:02:46" hostname="Sanskriti-Saluja" time="0.071">
  <properties/>
  <testcase name="createSellerUser()" classname="com.tothenew.ecommerceapp.EcommerceAppApplicationTests" time="0.071"/>
  <system-out><![CDATA[03:32:40.644 [Test worker] DEBUG org.springframework.test.context.BootstrapUtils - Instantiating CacheAwareContextLoaderDelegate from class [org.springframework.test.context.cache.DefaultCacheAwareContextLoaderDelegate]
03:32:40.654 [Test worker] DEBUG org.springframework.test.context.BootstrapUtils - Instantiating BootstrapContext using constructor [public org.springframework.test.context.support.DefaultBootstrapContext(java.lang.Class,org.springframework.test.context.CacheAwareContextLoaderDelegate)]
03:32:40.676 [Test worker] DEBUG org.springframework.test.context.BootstrapUtils - Instantiating TestContextBootstrapper for test class [com.tothenew.ecommerceapp.EcommerceAppApplicationTests] from class [org.springframework.boot.test.context.SpringBootTestContextBootstrapper]
03:32:40.699 [Test worker] INFO org.springframework.boot.test.context.SpringBootTestContextBootstrapper - Neither @ContextConfiguration nor @ContextHierarchy found for test class [com.tothenew.ecommerceapp.EcommerceAppApplicationTests], using SpringBootContextLoader
03:32:40.703 [Test worker] DEBUG org.springframework.test.context.support.AbstractContextLoader - Did not detect default resource location for test class [com.tothenew.ecommerceapp.EcommerceAppApplicationTests]: class path resource [com/tothenew/ecommerceapp/EcommerceAppApplicationTests-context.xml] does not exist
03:32:40.703 [Test worker] DEBUG org.springframework.test.context.support.AbstractContextLoader - Did not detect default resource location for test class [com.tothenew.ecommerceapp.EcommerceAppApplicationTests]: class path resource [com/tothenew/ecommerceapp/EcommerceAppApplicationTestsContext.groovy] does not exist
03:32:40.704 [Test worker] INFO org.springframework.test.context.support.AbstractContextLoader - Could not detect default resource locations for test class [com.tothenew.ecommerceapp.EcommerceAppApplicationTests]: no resource found for suffixes {-context.xml, Context.groovy}.
03:32:40.704 [Test worker] INFO org.springframework.test.context.support.AnnotationConfigContextLoaderUtils - Could not detect default configuration classes for test class [com.tothenew.ecommerceapp.EcommerceAppApplicationTests]: EcommerceAppApplicationTests does not declare any static, non-private, non-final, nested classes annotated with @Configuration.
03:32:40.742 [Test worker] DEBUG org.springframework.test.context.support.ActiveProfilesUtils - Could not find an 'annotation declaring class' for annotation type [org.springframework.test.context.ActiveProfiles] and class [com.tothenew.ecommerceapp.EcommerceAppApplicationTests]
03:32:40.794 [Test worker] DEBUG org.springframework.context.annotation.ClassPathScanningCandidateComponentProvider - Identified candidate component class: file [/home/sanskriti/ecommerce/build/classes/java/main/com/tothenew/ecommerceapp/EcommerceAppApplication.class]
03:32:40.795 [Test worker] INFO org.springframework.boot.test.context.SpringBootTestContextBootstrapper - Found @SpringBootConfiguration com.tothenew.ecommerceapp.EcommerceAppApplication for test class com.tothenew.ecommerceapp.EcommerceAppApplicationTests
03:32:40.870 [Test worker] DEBUG org.springframework.boot.test.context.SpringBootTestContextBootstrapper - @TestExecutionListeners is not present for class [com.tothenew.ecommerceapp.EcommerceAppApplicationTests]: using defaults.
03:32:40.871 [Test worker] INFO org.springframework.boot.test.context.SpringBootTestContextBootstrapper - Loaded default TestExecutionListener class names from location [META-INF/spring.factories]: [org.springframework.boot.test.autoconfigure.restdocs.RestDocsTestExecutionListener, org.springframework.boot.test.autoconfigure.web.client.MockRestServiceServerResetTestExecutionListener, org.springframework.boot.test.autoconfigure.web.servlet.MockMvcPrintOnlyOnFailureTestExecutionListener, org.springframework.boot.test.autoconfigure.web.servlet.WebDriverTestExecutionListener, org.springframework.boot.test.mock.mockito.MockitoTestExecutionListener, org.springframework.boot.test.mock.mockito.ResetMocksTestExecutionListener, org.springframework.test.context.web.ServletTestExecutionListener, org.springframework.test.context.support.DirtiesContextBeforeModesTestExecutionListener, org.springframework.test.context.support.DependencyInjectionTestExecutionListener, org.springframework.test.context.support.DirtiesContextTestExecutionListener, org.springframework.test.context.transaction.TransactionalTestExecutionListener, org.springframework.test.context.jdbc.SqlScriptsTestExecutionListener, org.springframework.test.context.event.EventPublishingTestExecutionListener]
03:32:40.885 [Test worker] INFO org.springframework.boot.test.context.SpringBootTestContextBootstrapper - Using TestExecutionListeners: [org.springframework.test.context.web.ServletTestExecutionListener@5af72476, org.springframework.test.context.support.DirtiesContextBeforeModesTestExecutionListener@532145cd, org.springframework.boot.test.mock.mockito.MockitoTestExecutionListener@4832d976, org.springframework.boot.test.autoconfigure.SpringBootDependencyInjectionTestExecutionListener@1dcc2987, org.springframework.test.context.support.DirtiesContextTestExecutionListener@7efb6adc, org.springframework.test.context.transaction.TransactionalTestExecutionListener@27ad57e3, org.springframework.test.context.jdbc.SqlScriptsTestExecutionListener@798ad309, org.springframework.test.context.event.EventPublishingTestExecutionListener@5764dae, org.springframework.boot.test.autoconfigure.restdocs.RestDocsTestExecutionListener@20fe6a56, org.springframework.boot.test.autoconfigure.web.client.MockRestServiceServerResetTestExecutionListener@6d2133e5, org.springframework.boot.test.autoconfigure.web.servlet.MockMvcPrintOnlyOnFailureTestExecutionListener@421ca7d3, org.springframework.boot.test.autoconfigure.web.servlet.WebDriverTestExecutionListener@75b09903, org.springframework.boot.test.mock.mockito.ResetMocksTestExecutionListener@26cfe139]
03:32:40.889 [Test worker] DEBUG org.springframework.test.context.support.AbstractDirtiesContextTestExecutionListener - Before test class: context [DefaultTestContext@180c04f0 testClass = EcommerceAppApplicationTests, testInstance = [null], testMethod = [null], testException = [null], mergedContextConfiguration = [WebMergedContextConfiguration@5c29bec5 testClass = EcommerceAppApplicationTests, locations = '{}', classes = '{class com.tothenew.ecommerceapp.EcommerceAppApplication}', contextInitializerClasses = '[]', activeProfiles = '{}', propertySourceLocations = '{}', propertySourceProperties = '{org.springframework.boot.test.context.SpringBootTestContextBootstrapper=true}', contextCustomizers = set[org.springframework.boot.test.autoconfigure.properties.PropertyMappingContextCustomizer@0, org.springframework.boot.test.autoconfigure.web.servlet.WebDriverContextCustomizerFactory$Customizer@1fc88c51, org.springframework.boot.test.context.filter.ExcludeFilterContextCustomizer@6b82c34, org.springframework.boot.test.json.DuplicateJsonObjectContextCustomizerFactory$DuplicateJsonObjectContextCustomizer@16464dce, org.springframework.boot.test.mock.mockito.MockitoContextCustomizer@0, org.springframework.boot.test.web.client.TestRestTemplateContextCustomizer@117a2d31], resourceBasePath = 'src/main/webapp', contextLoader = 'org.springframework.boot.test.context.SpringBootContextLoader', parent = [null]], attributes = map['org.springframework.test.context.web.ServletTestExecutionListener.activateListener' -> true]], class annotated with @DirtiesContext [false] with mode [null].
03:32:40.917 [Test worker] DEBUG org.springframework.test.context.support.TestPropertySourceUtils - Adding inlined properties to environment: {spring.jmx.enabled=false, org.springframework.boot.test.context.SpringBootTestContextBootstrapper=true, server.port=-1}

  .   ____          _            __ _ _
 /\\ / ___'_ __ _ _(_)_ __  __ _ \ \ \ \
( ( )\___ | '_ | '_| | '_ \/ _` | \ \ \ \
 \\/  ___)| |_)| | | | | || (_| |  ) ) ) )
  '  |____| .__|_| |_|_| |_\__, | / / / /
 =========|_|==============|___/=/_/_/_/
 :: Spring Boot ::        (v2.2.5.RELEASE)

2020-04-20 03:32:41.136  INFO 29288 --- [    Test worker] c.t.e.EcommerceAppApplicationTests       : Starting EcommerceAppApplicationTests on Sanskriti-Saluja with PID 29288 (started by sanskriti in /home/sanskriti/ecommerce)
2020-04-20 03:32:41.162  INFO 29288 --- [    Test worker] c.t.e.EcommerceAppApplicationTests       : No active profile set, falling back to default profiles: default
2020-04-20 03:32:41.795  INFO 29288 --- [    Test worker] .s.d.r.c.RepositoryConfigurationDelegate : Bootstrapping Spring Data JPA repositories in DEFAULT mode.
2020-04-20 03:32:41.860  INFO 29288 --- [    Test worker] .s.d.r.c.RepositoryConfigurationDelegate : Finished Spring Data repository scanning in 57ms. Found 8 JPA repository interfaces.
2020-04-20 03:32:42.339  INFO 29288 --- [    Test worker] trationDelegate$BeanPostProcessorChecker : Bean 'org.springframework.security.config.annotation.configuration.ObjectPostProcessorConfiguration' of type [org.springframework.security.config.annotation.configuration.ObjectPostProcessorConfiguration] is not eligible for getting processed by all BeanPostProcessors (for example: not eligible for auto-proxying)
2020-04-20 03:32:42.346  INFO 29288 --- [    Test worker] trationDelegate$BeanPostProcessorChecker : Bean 'objectPostProcessor' of type [org.springframework.security.config.annotation.configuration.AutowireBeanFactoryObjectPostProcessor] is not eligible for getting processed by all BeanPostProcessors (for example: not eligible for auto-proxying)
2020-04-20 03:32:42.350  INFO 29288 --- [    Test worker] trationDelegate$BeanPostProcessorChecker : Bean 'org.springframework.security.access.expression.method.DefaultMethodSecurityExpressionHandler@2484c0cc' of type [org.springframework.security.oauth2.provider.expression.OAuth2MethodSecurityExpressionHandler] is not eligible for getting processed by all BeanPostProcessors (for example: not eligible for auto-proxying)
2020-04-20 03:32:42.358  INFO 29288 --- [    Test worker] trationDelegate$BeanPostProcessorChecker : Bean 'org.springframework.security.config.annotation.method.configuration.GlobalMethodSecurityConfiguration' of type [org.springframework.security.config.annotation.method.configuration.GlobalMethodSecurityConfiguration] is not eligible for getting processed by all BeanPostProcessors (for example: not eligible for auto-proxying)
2020-04-20 03:32:42.368  INFO 29288 --- [    Test worker] trationDelegate$BeanPostProcessorChecker : Bean 'methodSecurityMetadataSource' of type [org.springframework.security.access.method.DelegatingMethodSecurityMetadataSource] is not eligible for getting processed by all BeanPostProcessors (for example: not eligible for auto-proxying)
2020-04-20 03:32:42.628  INFO 29288 --- [    Test worker] o.hibernate.jpa.internal.util.LogHelper  : HHH000204: Processing PersistenceUnitInfo [name: default]
2020-04-20 03:32:42.678  INFO 29288 --- [    Test worker] org.hibernate.Version                    : HHH000412: Hibernate ORM core version 5.4.12.Final
2020-04-20 03:32:42.779  INFO 29288 --- [    Test worker] o.hibernate.annotations.common.Version   : HCANN000001: Hibernate Commons Annotations {5.1.0.Final}
2020-04-20 03:32:42.856  INFO 29288 --- [    Test worker] com.zaxxer.hikari.HikariDataSource       : HikariPool-1 - Starting...
2020-04-20 03:32:42.975  INFO 29288 --- [    Test worker] com.zaxxer.hikari.HikariDataSource       : HikariPool-1 - Start completed.
2020-04-20 03:32:42.994  INFO 29288 --- [    Test worker] org.hibernate.dialect.Dialect            : HHH000400: Using dialect: org.hibernate.dialect.MySQL57Dialect
Hibernate: alter table address drop foreign key FKda8tuywtf0gb6sedwk7la1pgi
Hibernate: alter table admin drop foreign key FK8ahhk8vqegfrt6pd1p9i03aej
Hibernate: alter table cart drop foreign key FKmo6k0wjj3wk9bibdkankt3jjr
Hibernate: alter table cart drop foreign key FK4np309h4e89vkqaii92b4lrqt
Hibernate: alter table category drop foreign key FK2y94svpmqttx80mshyny85wqr
Hibernate: alter table category_metadata_field_values drop foreign key FKthr49jet6ltstle56es0o7jmx
Hibernate: alter table category_metadata_field_values drop foreign key FKfsweeyj17menin7m4w6hvfixy
Hibernate: alter table customer drop foreign key FKj8dlm21j202cadsbfkoem0s58
Hibernate: alter table order_product drop foreign key FK6rdxcgr3xk8s5se0gcptt6d5b
Hibernate: alter table order_product drop foreign key FKi3eootolfdgf03udd7n6g2vqe
Hibernate: alter table order_status drop foreign key FKgh294heu98safvepyc2807mf4
Hibernate: alter table order_table drop foreign key FKnkqpf72x79tolai969jbm2690
Hibernate: alter table product drop foreign key FK1mtsbur82frn64de7balymq9s
Hibernate: alter table product drop foreign key FKlmg4m307mfjvo5b73qdly45l8
Hibernate: alter table product_review drop foreign key FKhkqcuxglw8ibtm00ww95e62is
Hibernate: alter table product_review drop foreign key FKkaqmhakwt05p3n0px81b9pdya
Hibernate: alter table product_variation drop foreign key FKpryf02se86hpv5v7xn5afye4v
Hibernate: alter table seller drop foreign key FK6rgw0e6tb24n93c27njlv0wcl
Hibernate: alter table user_role drop foreign key FKa68196081fvovjhkek5m97n3y
Hibernate: alter table user_role drop foreign key FK859n2jvi8ivhui0rl0esws6o
Hibernate: drop table if exists address
Hibernate: drop table if exists admin
Hibernate: drop table if exists cart
Hibernate: drop table if exists category
Hibernate: drop table if exists category_metadata_field
Hibernate: drop table if exists category_metadata_field_values
Hibernate: drop table if exists customer
Hibernate: drop table if exists customer_activate
Hibernate: drop table if exists forgot_password_token
Hibernate: drop table if exists hibernate_sequence
Hibernate: drop table if exists order_product
Hibernate: drop table if exists order_status
Hibernate: drop table if exists order_table
Hibernate: drop table if exists product
Hibernate: drop table if exists product_review
Hibernate: drop table if exists product_variation
Hibernate: drop table if exists role
Hibernate: drop table if exists seller
Hibernate: drop table if exists user
Hibernate: drop table if exists user_role
Hibernate: drop table if exists user_login_fail_counter
Hibernate: create table address (id bigint not null, address varchar(255), city varchar(255), country varchar(255), label varchar(255), state varchar(255), zip_code integer, user_id bigint, primary key (id)) engine=InnoDB
Hibernate: create table admin (user_id bigint not null, primary key (user_id)) engine=InnoDB
Hibernate: create table cart (customer_user_id bigint not null, product_variation_id bigint not null, is_wish_list_item bit, quantity integer, primary key (customer_user_id, product_variation_id)) engine=InnoDB
Hibernate: create table category (id bigint not null, created_by varchar(255), date_created datetime(6), last_updated datetime(6), updated_by varchar(255), name varchar(255) not null, parent_id bigint, primary key (id)) engine=InnoDB
Hibernate: create table category_metadata_field (id bigint not null, name varchar(255), primary key (id)) engine=InnoDB
Hibernate: create table category_metadata_field_values (category_id bigint not null, category_metadata_field_id bigint not null, value varchar(255), primary key (category_id, category_metadata_field_id)) engine=InnoDB
Hibernate: create table customer (contact varchar(255), user_id bigint not null, primary key (user_id)) engine=InnoDB
Hibernate: create table customer_activate (id bigint not null, expiry_date datetime(6), token varchar(255), user_email varchar(255), primary key (id)) engine=InnoDB
Hibernate: create table forgot_password_token (id bigint not null, expiry_date datetime(6), token varchar(255), user_email varchar(255), primary key (id)) engine=InnoDB
Hibernate: create table hibernate_sequence (next_val bigint) engine=InnoDB
Hibernate: insert into hibernate_sequence values ( 1 )
Hibernate: insert into hibernate_sequence values ( 1 )
Hibernate: insert into hibernate_sequence values ( 1 )
Hibernate: insert into hibernate_sequence values ( 1 )
Hibernate: insert into hibernate_sequence values ( 1 )
Hibernate: insert into hibernate_sequence values ( 1 )
Hibernate: insert into hibernate_sequence values ( 1 )
Hibernate: insert into hibernate_sequence values ( 1 )
Hibernate: insert into hibernate_sequence values ( 1 )
Hibernate: insert into hibernate_sequence values ( 1 )
Hibernate: insert into hibernate_sequence values ( 1 )
Hibernate: insert into hibernate_sequence values ( 1 )
Hibernate: insert into hibernate_sequence values ( 1 )
Hibernate: create table order_product (id bigint not null, price decimal(19,2), product_variation_metadata varchar(255), quantity integer, order_table_id bigint, product_variation_id bigint, primary key (id)) engine=InnoDB
Hibernate: create table order_status (id bigint not null, from_status varchar(255), to_status varchar(255), transition_notes_comments varchar(255), order_product_id bigint, primary key (id)) engine=InnoDB
Hibernate: create table order_table (id bigint not null, amount_paid decimal(19,2), created_by varchar(255), date_created datetime(6), last_updated datetime(6), updated_by varchar(255), customer_address_address_line varchar(255), customer_address_city varchar(255), customer_address_country varchar(255), customer_address_label varchar(255), customer_address_state varchar(255), customer_address_zip_code integer, payment_method varchar(255), customer_user_id bigint, primary key (id)) engine=InnoDB
Hibernate: create table product (id bigint not null, created_by varchar(255), date_created datetime(6), last_updated datetime(6), updated_by varchar(255), brand varchar(255), description varchar(255), is_active bit, is_cancellable bit, is_returnable bit, name varchar(255), category_id bigint, seller_user_id bigint, primary key (id)) engine=InnoDB
Hibernate: create table product_review (customer_user_id bigint not null, product_id bigint not null, created_by varchar(255), date_created datetime(6), last_updated datetime(6), updated_by varchar(255), rating integer, review varchar(255), primary key (customer_user_id, product_id)) engine=InnoDB
Hibernate: create table product_variation (id bigint not null, is_active bit, metadata varchar(255), price bigint, primary_image_name varchar(255), quantity_available bigint, product_id bigint, primary key (id)) engine=InnoDB
Hibernate: create table role (id bigint not null, authority varchar(255), primary key (id)) engine=InnoDB
Hibernate: create table seller (company_contact varchar(255), company_name varchar(255), gst varchar(255), user_id bigint not null, primary key (user_id)) engine=InnoDB
Hibernate: create table user (id bigint not null, created_by varchar(255), date_created datetime(6), email varchar(255), first_name varchar(255), is_active bit not null, is_deleted bit not null, is_locked bit not null, is_password_expired bit not null, last_name varchar(255), last_updated datetime(6), middle_name varchar(255), password varchar(255), updated_by varchar(255), primary key (id)) engine=InnoDB
Hibernate: create table user_role (user_id bigint not null, role_id bigint not null, primary key (user_id, role_id)) engine=InnoDB
Hibernate: create table user_login_fail_counter (id bigint not null, attempts integer, email varchar(255), primary key (id)) engine=InnoDB
Hibernate: alter table category add constraint UK_46ccwnsi9409t36lurvtyljak unique (name)
Hibernate: alter table address add constraint FKda8tuywtf0gb6sedwk7la1pgi foreign key (user_id) references user (id)
Hibernate: alter table admin add constraint FK8ahhk8vqegfrt6pd1p9i03aej foreign key (user_id) references user (id)
Hibernate: alter table cart add constraint FKmo6k0wjj3wk9bibdkankt3jjr foreign key (customer_user_id) references customer (user_id)
Hibernate: alter table cart add constraint FK4np309h4e89vkqaii92b4lrqt foreign key (product_variation_id) references product_variation (id)
Hibernate: alter table category add constraint FK2y94svpmqttx80mshyny85wqr foreign key (parent_id) references category (id)
Hibernate: alter table category_metadata_field_values add constraint FKthr49jet6ltstle56es0o7jmx foreign key (category_id) references category (id)
Hibernate: alter table category_metadata_field_values add constraint FKfsweeyj17menin7m4w6hvfixy foreign key (category_metadata_field_id) references category_metadata_field (id)
Hibernate: alter table customer add constraint FKj8dlm21j202cadsbfkoem0s58 foreign key (user_id) references user (id)
Hibernate: alter table order_product add constraint FK6rdxcgr3xk8s5se0gcptt6d5b foreign key (order_table_id) references order_table (id)
Hibernate: alter table order_product add constraint FKi3eootolfdgf03udd7n6g2vqe foreign key (product_variation_id) references product_variation (id)
Hibernate: alter table order_status add constraint FKgh294heu98safvepyc2807mf4 foreign key (order_product_id) references order_product (id)
Hibernate: alter table order_table add constraint FKnkqpf72x79tolai969jbm2690 foreign key (customer_user_id) references customer (user_id)
Hibernate: alter table product add constraint FK1mtsbur82frn64de7balymq9s foreign key (category_id) references category (id)
Hibernate: alter table product add constraint FKlmg4m307mfjvo5b73qdly45l8 foreign key (seller_user_id) references seller (user_id)
Hibernate: alter table product_review add constraint FKhkqcuxglw8ibtm00ww95e62is foreign key (customer_user_id) references customer (user_id)
Hibernate: alter table product_review add constraint FKkaqmhakwt05p3n0px81b9pdya foreign key (product_id) references product (id)
Hibernate: alter table product_variation add constraint FKpryf02se86hpv5v7xn5afye4v foreign key (product_id) references product (id)
Hibernate: alter table seller add constraint FK6rgw0e6tb24n93c27njlv0wcl foreign key (user_id) references user (id)
Hibernate: alter table user_role add constraint FKa68196081fvovjhkek5m97n3y foreign key (role_id) references role (id)
Hibernate: alter table user_role add constraint FK859n2jvi8ivhui0rl0esws6o foreign key (user_id) references user (id)
2020-04-20 03:32:44.378  INFO 29288 --- [    Test worker] o.h.e.t.j.p.i.JtaPlatformInitiator       : HHH000490: Using JtaPlatform implementation: [org.hibernate.engine.transaction.jta.platform.internal.NoJtaPlatform]
2020-04-20 03:32:44.386  INFO 29288 --- [    Test worker] j.LocalContainerEntityManagerFactoryBean : Initialized JPA EntityManagerFactory for persistence unit 'default'
2020-04-20 03:32:44.922  WARN 29288 --- [    Test worker] JpaBaseConfiguration$JpaWebConfiguration : spring.jpa.open-in-view is enabled by default. Therefore, database queries may be performed during view rendering. Explicitly configure spring.jpa.open-in-view to disable this warning
2020-04-20 03:32:45.693  INFO 29288 --- [    Test worker] o.s.s.web.DefaultSecurityFilterChain     : Creating filter chain: OrRequestMatcher [requestMatchers=[Ant [pattern='/oauth/token'], Ant [pattern='/oauth/token_key'], Ant [pattern='/oauth/check_token']]], [org.springframework.security.web.context.request.async.WebAsyncManagerIntegrationFilter@950ef55, org.springframework.security.web.context.SecurityContextPersistenceFilter@6f5ce43b, org.springframework.security.web.header.HeaderWriterFilter@7b120854, org.springframework.security.web.authentication.logout.LogoutFilter@19eeff26, org.springframework.security.oauth2.provider.client.ClientCredentialsTokenEndpointFilter@3a1962f3, org.springframework.security.web.authentication.www.BasicAuthenticationFilter@3ec09ed8, org.springframework.security.web.savedrequest.RequestCacheAwareFilter@173c31f8, org.springframework.security.web.servletapi.SecurityContextHolderAwareRequestFilter@7e37d902, org.springframework.security.web.authentication.AnonymousAuthenticationFilter@58e63c4c, org.springframework.security.web.session.SessionManagementFilter@75cb05c, org.springframework.security.web.access.ExceptionTranslationFilter@479eac28, org.springframework.security.web.access.intercept.FilterSecurityInterceptor@5e3e27a9]
2020-04-20 03:32:45.707  INFO 29288 --- [    Test worker] o.s.s.web.DefaultSecurityFilterChain     : Creating filter chain: org.springframework.security.oauth2.config.annotation.web.configuration.ResourceServerConfiguration$NotOAuthRequestMatcher@5b5ecf30, [org.springframework.security.web.context.request.async.WebAsyncManagerIntegrationFilter@a0c90d4, org.springframework.security.web.context.SecurityContextPersistenceFilter@6a6dc66f, org.springframework.security.web.header.HeaderWriterFilter@402d5ea0, org.springframework.security.web.authentication.logout.LogoutFilter@63948b89, org.springframework.security.oauth2.provider.authentication.OAuth2AuthenticationProcessingFilter@3923ad5e, org.springframework.security.web.savedrequest.RequestCacheAwareFilter@2bc5d4e, org.springframework.security.web.servletapi.SecurityContextHolderAwareRequestFilter@284ecbe7, org.springframework.security.web.authentication.AnonymousAuthenticationFilter@54a6e6ad, org.springframework.security.web.session.SessionManagementFilter@1e3a2eb9, org.springframework.security.web.access.ExceptionTranslationFilter@7583a753, org.springframework.security.web.access.intercept.FilterSecurityInterceptor@47356772]
2020-04-20 03:32:45.731  INFO 29288 --- [    Test worker] o.s.s.web.DefaultSecurityFilterChain     : Creating filter chain: any request, [org.springframework.security.web.context.request.async.WebAsyncManagerIntegrationFilter@67a6ca51, org.springframework.security.web.context.SecurityContextPersistenceFilter@5f3540e5, org.springframework.security.web.header.HeaderWriterFilter@619e8ff5, org.springframework.security.web.csrf.CsrfFilter@1916c287, org.springframework.security.web.authentication.logout.LogoutFilter@37e284ae, org.springframework.security.web.authentication.UsernamePasswordAuthenticationFilter@2c279973, org.springframework.security.web.authentication.ui.DefaultLoginPageGeneratingFilter@51df5652, org.springframework.security.web.authentication.ui.DefaultLogoutPageGeneratingFilter@775a3bd7, org.springframework.security.web.authentication.www.BasicAuthenticationFilter@10221fb4, org.springframework.security.web.savedrequest.RequestCacheAwareFilter@11104f36, org.springframework.security.web.servletapi.SecurityContextHolderAwareRequestFilter@4648bc6, org.springframework.security.web.authentication.AnonymousAuthenticationFilter@57fd0a7, org.springframework.security.web.session.SessionManagementFilter@4eb37bbb, org.springframework.security.web.access.ExceptionTranslationFilter@4391bf5a, org.springframework.security.web.access.intercept.FilterSecurityInterceptor@7b118c45]
2020-04-20 03:32:46.076  INFO 29288 --- [    Test worker] o.s.s.concurrent.ThreadPoolTaskExecutor  : Initializing ExecutorService 'applicationTaskExecutor'
2020-04-20 03:32:46.392  INFO 29288 --- [    Test worker] c.t.e.EcommerceAppApplicationTests       : Started EcommerceAppApplicationTests in 5.468 seconds (JVM running for 6.297)
Hibernate: select count(*) as col_0_0_ from user user0_
Hibernate: select next_val as id_val from hibernate_sequence for update
Hibernate: update hibernate_sequence set next_val= ? where next_val=?
Hibernate: select next_val as id_val from hibernate_sequence for update
Hibernate: update hibernate_sequence set next_val= ? where next_val=?
Hibernate: select next_val as id_val from hibernate_sequence for update
Hibernate: update hibernate_sequence set next_val= ? where next_val=?
Hibernate: insert into user (created_by, date_created, email, first_name, is_active, is_deleted, is_locked, is_password_expired, last_name, last_updated, middle_name, password, updated_by, id) values (?, ?, ?, ?, ?, ?, ?, ?, ?, ?, ?, ?, ?, ?)
Hibernate: insert into admin (user_id) values (?)
Hibernate: insert into role (authority, id) values (?, ?)
Hibernate: insert into role (authority, id) values (?, ?)
Hibernate: insert into user_role (user_id, role_id) values (?, ?)
Hibernate: insert into user_role (user_id, role_id) values (?, ?)
Hibernate: select count(*) as col_0_0_ from user user0_
Total users saved::1
Hibernate: select next_val as id_val from hibernate_sequence for update
Hibernate: update hibernate_sequence set next_val= ? where next_val=?
Hibernate: select next_val as id_val from hibernate_sequence for update
Hibernate: update hibernate_sequence set next_val= ? where next_val=?
Hibernate: select next_val as id_val from hibernate_sequence for update
Hibernate: update hibernate_sequence set next_val= ? where next_val=?
Hibernate: insert into user (created_by, date_created, email, first_name, is_active, is_deleted, is_locked, is_password_expired, last_name, last_updated, middle_name, password, updated_by, id) values (?, ?, ?, ?, ?, ?, ?, ?, ?, ?, ?, ?, ?, ?)
Hibernate: insert into seller (company_contact, company_name, gst, user_id) values (?, ?, ?, ?)
Hibernate: insert into role (authority, id) values (?, ?)
Hibernate: insert into role (authority, id) values (?, ?)
Hibernate: insert into user_role (user_id, role_id) values (?, ?)
Hibernate: insert into user_role (user_id, role_id) values (?, ?)
]]></system-out>
  <system-err><![CDATA[]]></system-err>
</testsuite>
